[00:36:13] Jessi005 (c899abea-a36c-3941-857d-e08baa5a6388): Mil quinientos
[00:37:19] GWaggon1 (e53193d4-e732-3d76-8719-2d9d83b723f7): aprovecha
[02:39:59] AshOficialMC (5ecebb8e-5ec6-313a-aa5e-6b9ddd226bc1): a
[02:54:44] Nachus_GC (27cef4d1-62ad-3b6a-a0b1-375853a84c09): no me cargaaaaaaaaaaa
[02:55:51] Nachus_GC (27cef4d1-62ad-3b6a-a0b1-375853a84c09): Q LAG
[02:55:53] Nachus_GC (27cef4d1-62ad-3b6a-a0b1-375853a84c09): AAAAAAAH
[02:55:57] Nachus_GC (27cef4d1-62ad-3b6a-a0b1-375853a84c09): *c corre*
[02:56:08] AshOficialMC (5ecebb8e-5ec6-313a-aa5e-6b9ddd226bc1): XD
[02:56:11] AshOficialMC (5ecebb8e-5ec6-313a-aa5e-6b9ddd226bc1): ya vuelvo
[03:08:56] Nachus_GC (27cef4d1-62ad-3b6a-a0b1-375853a84c09): broh
[03:09:02] AshOficialMC (5ecebb8e-5ec6-313a-aa5e-6b9ddd226bc1): afk
[03:09:05] Nachus_GC (27cef4d1-62ad-3b6a-a0b1-375853a84c09): con esta semilla no se van a aburrir
[03:09:13] AshOficialMC (5ecebb8e-5ec6-313a-aa5e-6b9ddd226bc1): porq lo dices
[03:09:16] Nachus_GC (27cef4d1-62ad-3b6a-a0b1-375853a84c09): esta lleno de estructuras el spawn
[03:09:21] AshOficialMC (5ecebb8e-5ec6-313a-aa5e-6b9ddd226bc1): XD
[03:10:45] Nachus_GC (27cef4d1-62ad-3b6a-a0b1-375853a84c09): como me gustaria un mod con ropa militarezca
[03:14:42] Nachus_GC (27cef4d1-62ad-3b6a-a0b1-375853a84c09): FOCAAAAAAAAAAAAA
[03:16:24] Nachus_GC (27cef4d1-62ad-3b6a-a0b1-375853a84c09): holas
[03:17:42] GWaggon1 (e53193d4-e732-3d76-8719-2d9d83b723f7): holas
[03:18:16] Nachus_GC (27cef4d1-62ad-3b6a-a0b1-375853a84c09): como esta?
[03:18:25] GWaggon1 (e53193d4-e732-3d76-8719-2d9d83b723f7): bien bien
[03:18:28] GWaggon1 (e53193d4-e732-3d76-8719-2d9d83b723f7): hay mod de backpack?
[03:18:32] Nachus_GC (27cef4d1-62ad-3b6a-a0b1-375853a84c09): Sis
[03:18:36] GWaggon1 (e53193d4-e732-3d76-8719-2d9d83b723f7): como se llaman?
[03:18:45] Nachus_GC (27cef4d1-62ad-3b6a-a0b1-375853a84c09): como?
[03:18:53] GWaggon1 (e53193d4-e732-3d76-8719-2d9d83b723f7): ahh ya vi
[03:18:59] GWaggon1 (e53193d4-e732-3d76-8719-2d9d83b723f7): no es que no encontraba para craftearlas
[03:19:03] Nachus_GC (27cef4d1-62ad-3b6a-a0b1-375853a84c09): xd
[03:19:08] GWaggon1 (e53193d4-e732-3d76-8719-2d9d83b723f7): :P
[03:19:09] Nachus_GC (27cef4d1-62ad-3b6a-a0b1-375853a84c09): fijate el jei
[03:19:17] Nachus_GC (27cef4d1-62ad-3b6a-a0b1-375853a84c09): estan como backpacks
[03:19:22] Nachus_GC (27cef4d1-62ad-3b6a-a0b1-375853a84c09): o mochila
[03:19:37] GWaggon1 (e53193d4-e732-3d76-8719-2d9d83b723f7): si, @backpacks y sale todo lo del mod
[03:21:54] GWaggon1 (e53193d4-e732-3d76-8719-2d9d83b723f7): les gusta la noche?
[03:22:20] Nachus_GC (27cef4d1-62ad-3b6a-a0b1-375853a84c09): a mi no tanto desde que me agarro un bicho negro
[03:22:33] GWaggon1 (e53193d4-e732-3d76-8719-2d9d83b723f7): dormimos?
[03:22:39] Nachus_GC (27cef4d1-62ad-3b6a-a0b1-375853a84c09): ya esta amaneciendo
[03:22:43] GWaggon1 (e53193d4-e732-3d76-8719-2d9d83b723f7): vale
[03:23:25] AshOficialMC (5ecebb8e-5ec6-313a-aa5e-6b9ddd226bc1): AFK
[03:24:03] Jessi005 (c899abea-a36c-3941-857d-e08baa5a6388): ola soy nuevo :3 busco tim
[03:24:09] Nachus_GC (27cef4d1-62ad-3b6a-a0b1-375853a84c09): olas
[03:24:14] GWaggon1 (e53193d4-e732-3d76-8719-2d9d83b723f7): veo la estela
[03:24:22] Nachus_GC (27cef4d1-62ad-3b6a-a0b1-375853a84c09): preguntele a Waggon
[03:24:23] Jessi005 (c899abea-a36c-3941-857d-e08baa5a6388): holap
[03:24:24] GWaggon1 (e53193d4-e732-3d76-8719-2d9d83b723f7): estas invi pero se ve el humo
[03:24:26] Jessi005 (c899abea-a36c-3941-857d-e08baa5a6388): de que va el survival ?
[03:24:47] Jessi005 (c899abea-a36c-3941-857d-e08baa5a6388): ayuda soy nuevo no se que hacer 0=
[03:24:51] Nachus_GC (27cef4d1-62ad-3b6a-a0b1-375853a84c09): XD
[03:25:04] Nachus_GC (27cef4d1-62ad-3b6a-a0b1-375853a84c09): falta q digas q sos chica gaimer
[03:25:08] GWaggon1 (e53193d4-e732-3d76-8719-2d9d83b723f7): lol
[03:25:16] Jessi005 (c899abea-a36c-3941-857d-e08baa5a6388): cy soy una chica gamer Uwu
[03:25:23] Nachus_GC (27cef4d1-62ad-3b6a-a0b1-375853a84c09): jadjskdkjdk
[03:25:25] GWaggon1 (e53193d4-e732-3d76-8719-2d9d83b723f7): que susto
[03:25:30] GWaggon1 (e53193d4-e732-3d76-8719-2d9d83b723f7): pense eras un vicho raro
[03:25:41] Jessi005 (c899abea-a36c-3941-857d-e08baa5a6388): ando robando aqui
[03:26:01] Nachus_GC (27cef4d1-62ad-3b6a-a0b1-375853a84c09): aviso q por donde el spawn esta lleno de estructuras
[03:26:03] Jessi005 (c899abea-a36c-3941-857d-e08baa5a6388): oe puedes ver esto ?
[03:26:24] Jessi005 (c899abea-a36c-3941-857d-e08baa5a6388): puedes ver esto ? XD
[03:26:25] GWaggon1 (e53193d4-e732-3d76-8719-2d9d83b723f7): que es
[03:26:30] Jessi005 (c899abea-a36c-3941-857d-e08baa5a6388): no c
[03:26:40] Jessi005 (c899abea-a36c-3941-857d-e08baa5a6388): AshOficialMC oe
[03:26:43] GWaggon1 (e53193d4-e732-3d76-8719-2d9d83b723f7): lol
[03:26:44] GWaggon1 (e53193d4-e732-3d76-8719-2d9d83b723f7): se enamoran
[03:26:46] Jessi005 (c899abea-a36c-3941-857d-e08baa5a6388): tp a mi ven
[03:26:55] GWaggon1 (e53193d4-e732-3d76-8719-2d9d83b723f7): se me cogio el arma
[03:27:00] Jessi005 (c899abea-a36c-3941-857d-e08baa5a6388): :v
[03:27:36] GWaggon1 (e53193d4-e732-3d76-8719-2d9d83b723f7): son de adorno creo
[03:27:41] GWaggon1 (e53193d4-e732-3d76-8719-2d9d83b723f7): si les das un arma la usan
[03:27:44] Jessi005 (c899abea-a36c-3941-857d-e08baa5a6388): no lo se xD
[03:27:44] GWaggon1 (e53193d4-e732-3d76-8719-2d9d83b723f7): lol
[03:28:12] Jessi005 (c899abea-a36c-3941-857d-e08baa5a6388): hay wey dales click derecho tienen un dialogo xD
[03:29:04] GWaggon1 (e53193d4-e732-3d76-8719-2d9d83b723f7): lol
[03:29:12] GWaggon1 (e53193d4-e732-3d76-8719-2d9d83b723f7): me dice que no vuelva a hablar a el ni al hijo nunca mas
[03:29:16] Jessi005 (c899abea-a36c-3941-857d-e08baa5a6388): si xD
[03:29:32] GWaggon1 (e53193d4-e732-3d76-8719-2d9d83b723f7): pero si les das un item lo sostienen
[03:30:01] GWaggon1 (e53193d4-e732-3d76-8719-2d9d83b723f7): click derecho
[03:30:02] GWaggon1 (e53193d4-e732-3d76-8719-2d9d83b723f7): con el item
[03:30:06] Jessi005 (c899abea-a36c-3941-857d-e08baa5a6388): a
[03:30:07] Jessi005 (c899abea-a36c-3941-857d-e08baa5a6388): 0=
[03:30:16] GWaggon1 (e53193d4-e732-3d76-8719-2d9d83b723f7): super raro
[03:30:21] Jessi005 (c899abea-a36c-3941-857d-e08baa5a6388): si jajaj
[03:31:58] Jessi005 (c899abea-a36c-3941-857d-e08baa5a6388): AshOficialMC
[03:32:00] Jessi005 (c899abea-a36c-3941-857d-e08baa5a6388): oe weon
[03:35:22] Jessi005 (c899abea-a36c-3941-857d-e08baa5a6388): AshOficialMC
[03:35:37] Jessi005 (c899abea-a36c-3941-857d-e08baa5a6388): para que son las texturas que pusiste ?
[03:37:09] Jessi005 (c899abea-a36c-3941-857d-e08baa5a6388): GWaggon1
[03:37:14] GWaggon1 (e53193d4-e732-3d76-8719-2d9d83b723f7): Dime
[03:37:18] Jessi005 (c899abea-a36c-3941-857d-e08baa5a6388): parate aqui
[03:37:38] Jessi005 (c899abea-a36c-3941-857d-e08baa5a6388): listo
[03:37:40] Jessi005 (c899abea-a36c-3941-857d-e08baa5a6388): :D
[03:37:52] GWaggon1 (e53193d4-e732-3d76-8719-2d9d83b723f7): que paso xd
[03:37:54] AshOficialMC (5ecebb8e-5ec6-313a-aa5e-6b9ddd226bc1): a
[03:37:56] Jessi005 (c899abea-a36c-3941-857d-e08baa5a6388): como te encuentras en dc ?
[03:38:11] GWaggon1 (e53193d4-e732-3d76-8719-2d9d83b723f7): en dc soy HugoSakr
[03:38:20] GWaggon1 (e53193d4-e732-3d76-8719-2d9d83b723f7): en dc soy HugoSakr
[03:38:22] Jessi005 (c899abea-a36c-3941-857d-e08baa5a6388): a me saco el srv XD
[03:38:26] Jessi005 (c899abea-a36c-3941-857d-e08baa5a6388): okok
[03:39:27] Jessi005 (c899abea-a36c-3941-857d-e08baa5a6388): GWaggon1 checa multimedia xD te tome una fotito
[03:39:51] AshOficialMC (5ecebb8e-5ec6-313a-aa5e-6b9ddd226bc1): Nachus_GC
[03:39:56] AshOficialMC (5ecebb8e-5ec6-313a-aa5e-6b9ddd226bc1): encontre mi config perfecta
[03:40:03] GWaggon1 (e53193d4-e732-3d76-8719-2d9d83b723f7): me doxearon mi casa temporal
[03:40:05] GWaggon1 (e53193d4-e732-3d76-8719-2d9d83b723f7): el faro xd
[03:40:07] Jessi005 (c899abea-a36c-3941-857d-e08baa5a6388): xD
[03:40:07] AshOficialMC (5ecebb8e-5ec6-313a-aa5e-6b9ddd226bc1): Calidad = Potencia
[03:40:11] Jessi005 (c899abea-a36c-3941-857d-e08baa5a6388): shhi
[03:40:33] GWaggon1 (e53193d4-e732-3d76-8719-2d9d83b723f7): me veo shulo
[03:40:51] AshOficialMC (5ecebb8e-5ec6-313a-aa5e-6b9ddd226bc1): encontre una aldea
[03:40:59] AshOficialMC (5ecebb8e-5ec6-313a-aa5e-6b9ddd226bc1): esta buenarda
[03:42:51] AshOficialMC (5ecebb8e-5ec6-313a-aa5e-6b9ddd226bc1): aqui ya fue
[03:46:02] AshOficialMC (5ecebb8e-5ec6-313a-aa5e-6b9ddd226bc1): vieron el informe del Man from the fog?
[03:46:06] Jessi005 (c899abea-a36c-3941-857d-e08baa5a6388): si
[03:46:10] Jessi005 (c899abea-a36c-3941-857d-e08baa5a6388): un poco largo
[03:46:26] Jessi005 (c899abea-a36c-3941-857d-e08baa5a6388): xD
[03:46:27] AshOficialMC (5ecebb8e-5ec6-313a-aa5e-6b9ddd226bc1): ta piola a mi parecer
[03:46:33] AshOficialMC (5ecebb8e-5ec6-313a-aa5e-6b9ddd226bc1): explica bien o maso
[03:46:33] Jessi005 (c899abea-a36c-3941-857d-e08baa5a6388): AshOficialMC
[03:46:37] AshOficialMC (5ecebb8e-5ec6-313a-aa5e-6b9ddd226bc1): Dime
[03:46:45] Jessi005 (c899abea-a36c-3941-857d-e08baa5a6388): ta medio raro el plugin que detecta los hacks xD
[03:46:53] AshOficialMC (5ecebb8e-5ec6-313a-aa5e-6b9ddd226bc1): si
[03:47:02] AshOficialMC (5ecebb8e-5ec6-313a-aa5e-6b9ddd226bc1): si hago dash mira lo que dice
[03:47:04] Jessi005 (c899abea-a36c-3941-857d-e08baa5a6388): checa dc
[03:47:09] Jessi005 (c899abea-a36c-3941-857d-e08baa5a6388): en multimedia
[03:47:18] AshOficialMC (5ecebb8e-5ec6-313a-aa5e-6b9ddd226bc1): ya los vi, ando en photoshop
[03:47:23] Jessi005 (c899abea-a36c-3941-857d-e08baa5a6388): oc oc
[03:47:25] AshOficialMC (5ecebb8e-5ec6-313a-aa5e-6b9ddd226bc1): ya ando editando xd
[03:47:34] Jessi005 (c899abea-a36c-3941-857d-e08baa5a6388): tpeame a las estructuras chidas
[03:47:38] AshOficialMC (5ecebb8e-5ec6-313a-aa5e-6b9ddd226bc1): bro
[03:47:42] Jessi005 (c899abea-a36c-3941-857d-e08baa5a6388): :d
[03:47:43] AshOficialMC (5ecebb8e-5ec6-313a-aa5e-6b9ddd226bc1): tengo la solucion a tu problema
[03:47:54] AshOficialMC (5ecebb8e-5ec6-313a-aa5e-6b9ddd226bc1): de que la vegetacion salga con esa cosa rara
[03:48:14] Nachus_GC (27cef4d1-62ad-3b6a-a0b1-375853a84c09): aea
[03:48:25] Nachus_GC (27cef4d1-62ad-3b6a-a0b1-375853a84c09): de q me perdi
[03:48:40] Jessi005 (c899abea-a36c-3941-857d-e08baa5a6388): tengo un shader que sale medio raro con las texturas X.x
[03:48:54] Nachus_GC (27cef4d1-62ad-3b6a-a0b1-375853a84c09): xd
[03:49:06] Nachus_GC (27cef4d1-62ad-3b6a-a0b1-375853a84c09): no le metas shaders por las dudas
[03:49:58] Jessi005 (c899abea-a36c-3941-857d-e08baa5a6388): a
[03:51:07] GWaggon1 (e53193d4-e732-3d76-8719-2d9d83b723f7): voy andando
[03:51:09] GWaggon1 (e53193d4-e732-3d76-8719-2d9d83b723f7): xd
[03:51:13] GWaggon1 (e53193d4-e732-3d76-8719-2d9d83b723f7): en barco
[03:51:18] Jessi005 (c899abea-a36c-3941-857d-e08baa5a6388): xD
[03:51:23] Nachus_GC (27cef4d1-62ad-3b6a-a0b1-375853a84c09): q lag
[03:51:32] Nachus_GC (27cef4d1-62ad-3b6a-a0b1-375853a84c09): ni golpear me deja xd
[03:51:36] Jessi005 (c899abea-a36c-3941-857d-e08baa5a6388): lagg ?
[03:51:46] GWaggon1 (e53193d4-e732-3d76-8719-2d9d83b723f7): parace ser no me deja bajarme del barco
[03:51:47] Nachus_GC (27cef4d1-62ad-3b6a-a0b1-375853a84c09): al menos a mi
[03:51:50] Jessi005 (c899abea-a36c-3941-857d-e08baa5a6388): lagg yo que vengo con shaders
[03:52:00] AshOficialMC (5ecebb8e-5ec6-313a-aa5e-6b9ddd226bc1): TPS: 20
[03:52:02] AshOficialMC (5ecebb8e-5ec6-313a-aa5e-6b9ddd226bc1): por si acaso
[03:52:20] Nachus_GC (27cef4d1-62ad-3b6a-a0b1-375853a84c09): TENGO 1299 de ping
[03:52:27] Nachus_GC (27cef4d1-62ad-3b6a-a0b1-375853a84c09): me cago
[03:52:47] Jessi005 (c899abea-a36c-3941-857d-e08baa5a6388): ahorita vengo wua cenar
[03:52:55] Nachus_GC (27cef4d1-62ad-3b6a-a0b1-375853a84c09): weno
[03:52:59] Nachus_GC (27cef4d1-62ad-3b6a-a0b1-375853a84c09): proveho
[03:53:10] Nachus_GC (27cef4d1-62ad-3b6a-a0b1-375853a84c09): provecho*
[03:53:21] Jessi005 (c899abea-a36c-3941-857d-e08baa5a6388): gracias
[03:53:24] Jessi005 (c899abea-a36c-3941-857d-e08baa5a6388): asi de fotos o mas ?
[03:56:26] GWaggon1 (e53193d4-e732-3d76-8719-2d9d83b723f7): se duerme? xd
[03:56:30] GWaggon1 (e53193d4-e732-3d76-8719-2d9d83b723f7): o les gusta la noche
[03:57:16] Nachus_GC (27cef4d1-62ad-3b6a-a0b1-375853a84c09): zzz
[03:57:27] GWaggon1 (e53193d4-e732-3d76-8719-2d9d83b723f7): van a dormir?
[03:57:30] GWaggon1 (e53193d4-e732-3d76-8719-2d9d83b723f7): para salirme
[03:57:33] GWaggon1 (e53193d4-e732-3d76-8719-2d9d83b723f7): y que duerman
[03:57:39] Nachus_GC (27cef4d1-62ad-3b6a-a0b1-375853a84c09): estoy durmiendo
[03:57:43] Nachus_GC (27cef4d1-62ad-3b6a-a0b1-375853a84c09): noc los demas
[03:57:49] Nachus_GC (27cef4d1-62ad-3b6a-a0b1-375853a84c09): ya xd
[04:00:16] Nachus_GC (27cef4d1-62ad-3b6a-a0b1-375853a84c09): tmre
[04:00:44] Nachus_GC (27cef4d1-62ad-3b6a-a0b1-375853a84c09): el lag me consume
[04:05:11] AshOficialMC (5ecebb8e-5ec6-313a-aa5e-6b9ddd226bc1): JASKDJAK
[04:05:35] AshOficialMC (5ecebb8e-5ec6-313a-aa5e-6b9ddd226bc1): nacho tenes 415ms, te refieres a lag de fps?
[04:05:56] Nachus_GC (27cef4d1-62ad-3b6a-a0b1-375853a84c09): en efecto
[04:06:08] AshOficialMC (5ecebb8e-5ec6-313a-aa5e-6b9ddd226bc1): metete en congif y ponete a configurar
[04:06:11] AshOficialMC (5ecebb8e-5ec6-313a-aa5e-6b9ddd226bc1): config*
[04:06:15] Nachus_GC (27cef4d1-62ad-3b6a-a0b1-375853a84c09): avr
[04:06:19] AshOficialMC (5ecebb8e-5ec6-313a-aa5e-6b9ddd226bc1): hasta dar con la mejor
[04:06:22] AshOficialMC (5ecebb8e-5ec6-313a-aa5e-6b9ddd226bc1): o mas estable
[04:08:26] Nachus_GC (27cef4d1-62ad-3b6a-a0b1-375853a84c09): av
[04:12:38] Nachus_GC (27cef4d1-62ad-3b6a-a0b1-375853a84c09): Zzz
[04:14:47] AshOficialMC (5ecebb8e-5ec6-313a-aa5e-6b9ddd226bc1): ando en una situacion comprometedora
[04:14:53] Jessi005 (c899abea-a36c-3941-857d-e08baa5a6388): volvi
[04:14:59] Nachus_GC (27cef4d1-62ad-3b6a-a0b1-375853a84c09): sape
[04:15:02] Nachus_GC (27cef4d1-62ad-3b6a-a0b1-375853a84c09): Wn
[04:15:11] Nachus_GC (27cef4d1-62ad-3b6a-a0b1-375853a84c09): pase de 1500 de ping a 400
[04:15:12] Jessi005 (c899abea-a36c-3941-857d-e08baa5a6388): pq nadie tiene skin ==???
[04:15:14] Nachus_GC (27cef4d1-62ad-3b6a-a0b1-375853a84c09): sarpao
[04:15:22] Nachus_GC (27cef4d1-62ad-3b6a-a0b1-375853a84c09): y est bajando
[04:15:32] Nachus_GC (27cef4d1-62ad-3b6a-a0b1-375853a84c09): q
[04:15:43] Nachus_GC (27cef4d1-62ad-3b6a-a0b1-375853a84c09): Jessi q hacei
[04:15:49] Jessi005 (c899abea-a36c-3941-857d-e08baa5a6388): nda
[04:16:04] Nachus_GC (27cef4d1-62ad-3b6a-a0b1-375853a84c09): pq me metes efectos
[04:18:28] Nachus_GC (27cef4d1-62ad-3b6a-a0b1-375853a84c09): Jessi deja de espiarme
[04:18:41] Nachus_GC (27cef4d1-62ad-3b6a-a0b1-375853a84c09): o te quito los permisos
[04:18:45] Nachus_GC (27cef4d1-62ad-3b6a-a0b1-375853a84c09): deah
[04:20:31] Jessi005 (c899abea-a36c-3941-857d-e08baa5a6388): señores me volvi pornstart =0
[04:20:34] Jessi005 (c899abea-a36c-3941-857d-e08baa5a6388): oxc noxD
[04:20:39] Nachus_GC (27cef4d1-62ad-3b6a-a0b1-375853a84c09): XD
[04:21:10] Jessi005 (c899abea-a36c-3941-857d-e08baa5a6388): a}
[04:22:28] AshOficialMC (5ecebb8e-5ec6-313a-aa5e-6b9ddd226bc1): Revisen dc
[04:26:53] Jessi005 (c899abea-a36c-3941-857d-e08baa5a6388): ponte esta armor
[04:30:35] Nachus_GC (27cef4d1-62ad-3b6a-a0b1-375853a84c09): se apago el sv?
[04:30:38] Nachus_GC (27cef4d1-62ad-3b6a-a0b1-375853a84c09): XD
[04:34:32] AshOficialMC (5ecebb8e-5ec6-313a-aa5e-6b9ddd226bc1): nop
[04:34:34] AshOficialMC (5ecebb8e-5ec6-313a-aa5e-6b9ddd226bc1): el ngrok
[04:34:38] AshOficialMC (5ecebb8e-5ec6-313a-aa5e-6b9ddd226bc1): voy a apagar un sec
[04:34:41] Nachus_GC (27cef4d1-62ad-3b6a-a0b1-375853a84c09): ok
[04:42:38] Nachus_GC (27cef4d1-62ad-3b6a-a0b1-375853a84c09): ptm Jessi deja de tepearme
[04:42:48] Nachus_GC (27cef4d1-62ad-3b6a-a0b1-375853a84c09): quiero dejar mis weas
[04:43:05] Jessi005 (c899abea-a36c-3941-857d-e08baa5a6388): ponte la armor
[04:43:07] Nachus_GC (27cef4d1-62ad-3b6a-a0b1-375853a84c09): te aviso asi me tepeas
[04:43:39] Jessi005 (c899abea-a36c-3941-857d-e08baa5a6388): ponte la armorrrr
[04:43:41] Jessi005 (c899abea-a36c-3941-857d-e08baa5a6388): deaaa
[04:44:22] Jessi005 (c899abea-a36c-3941-857d-e08baa5a6388): pera cambio por un shader mejor
[04:44:29] Nachus_GC (27cef4d1-62ad-3b6a-a0b1-375853a84c09): bno
[04:46:25] Jessi005 (c899abea-a36c-3941-857d-e08baa5a6388): ya
[04:46:51] Jessi005 (c899abea-a36c-3941-857d-e08baa5a6388): bueno bais
[04:50:36] Nachus_GC (27cef4d1-62ad-3b6a-a0b1-375853a84c09): aaaaaaaaaaaaa
[04:50:40] Nachus_GC (27cef4d1-62ad-3b6a-a0b1-375853a84c09): la conchaaaaaaaaaaaaaaa
[04:52:24] Nachus_GC (27cef4d1-62ad-3b6a-a0b1-375853a84c09): a
[04:53:38] Nachus_GC (27cef4d1-62ad-3b6a-a0b1-375853a84c09): q secso
[04:53:44] Nachus_GC (27cef4d1-62ad-3b6a-a0b1-375853a84c09): 0 de ping
[04:59:29] Nachus_GC (27cef4d1-62ad-3b6a-a0b1-375853a84c09): ahi
[04:59:35] Nachus_GC (27cef4d1-62ad-3b6a-a0b1-375853a84c09): o no?
[04:59:41] Nachus_GC (27cef4d1-62ad-3b6a-a0b1-375853a84c09): Lpm
[04:59:55] Nachus_GC (27cef4d1-62ad-3b6a-a0b1-375853a84c09): Bombardeen Medellin
[05:00:33] AshOficialMC (5ecebb8e-5ec6-313a-aa5e-6b9ddd226bc1): a
[05:06:50] Nachus_GC (27cef4d1-62ad-3b6a-a0b1-375853a84c09): saracatunga
[05:07:03] AshOficialMC (5ecebb8e-5ec6-313a-aa5e-6b9ddd226bc1): a
[05:07:09] AshOficialMC (5ecebb8e-5ec6-313a-aa5e-6b9ddd226bc1): AFK un ratito
[05:07:10] Nachus_GC (27cef4d1-62ad-3b6a-a0b1-375853a84c09): ya me conecto
[05:12:33] Nachus_GC (27cef4d1-62ad-3b6a-a0b1-375853a84c09): bldo q es este pingaso
[05:12:49] Nachus_GC (27cef4d1-62ad-3b6a-a0b1-375853a84c09): voya cagar a hachazos al proveedor
[05:14:57] Nachus_GC (27cef4d1-62ad-3b6a-a0b1-375853a84c09): no se que es lo que me hace quebrar
[05:15:02] Nachus_GC (27cef4d1-62ad-3b6a-a0b1-375853a84c09): *canta*
[05:15:58] Nachus_GC (27cef4d1-62ad-3b6a-a0b1-375853a84c09): aea
[05:16:49] Nachus_GC (27cef4d1-62ad-3b6a-a0b1-375853a84c09): 3000 de ping
[05:16:52] Nachus_GC (27cef4d1-62ad-3b6a-a0b1-375853a84c09): que rico
[05:27:52] Nachus_GC (27cef4d1-62ad-3b6a-a0b1-375853a84c09): chicharron prensao
[05:45:15] AshOficialMC (5ecebb8e-5ec6-313a-aa5e-6b9ddd226bc1): AAA
[05:45:17] AshOficialMC (5ecebb8e-5ec6-313a-aa5e-6b9ddd226bc1): he vuelto
[05:45:22] Nachus_GC (27cef4d1-62ad-3b6a-a0b1-375853a84c09): SEXOOOOOOOO
[05:49:06] _notsky (8d3023d4-d9a0-364f-8b75-3dc032de0821): holas
[05:49:10] Nachus_GC (27cef4d1-62ad-3b6a-a0b1-375853a84c09): holas
[05:52:16] AshOficialMC (5ecebb8e-5ec6-313a-aa5e-6b9ddd226bc1): Bueno me ire a dormir
[05:52:20] AshOficialMC (5ecebb8e-5ec6-313a-aa5e-6b9ddd226bc1): Bye
[05:52:34] AshOficialMC (5ecebb8e-5ec6-313a-aa5e-6b9ddd226bc1): el serv quedara abierto
[06:04:20] Nachus_GC (27cef4d1-62ad-3b6a-a0b1-375853a84c09): lagaso
[06:04:28] Nachus_GC (27cef4d1-62ad-3b6a-a0b1-375853a84c09): *c corre*
[06:04:33] _notsky (8d3023d4-d9a0-364f-8b75-3dc032de0821): q
[06:04:42] Nachus_GC (27cef4d1-62ad-3b6a-a0b1-375853a84c09): so
[06:04:44] Nachus_GC (27cef4d1-62ad-3b6a-a0b1-375853a84c09): jkasjdkajd
[06:04:56] Nachus_GC (27cef4d1-62ad-3b6a-a0b1-375853a84c09): digo
[06:04:58] Nachus_GC (27cef4d1-62ad-3b6a-a0b1-375853a84c09): hola
[06:05:37] Nachus_GC (27cef4d1-62ad-3b6a-a0b1-375853a84c09): estoy con 1000 de ping
[06:05:50] Nachus_GC (27cef4d1-62ad-3b6a-a0b1-375853a84c09): mao meno
[06:06:33] Nachus_GC (27cef4d1-62ad-3b6a-a0b1-375853a84c09): y digo cosas sin sentido para q Ash me vea desde la consola
[06:07:42] AshOficialMC (5ecebb8e-5ec6-313a-aa5e-6b9ddd226bc1): Tenes esquizofrenia es muy diferente
[06:07:48] Nachus_GC (27cef4d1-62ad-3b6a-a0b1-375853a84c09): JAJAJA
[06:20:16] Nachus_GC (27cef4d1-62ad-3b6a-a0b1-375853a84c09): bno
[06:20:22] Nachus_GC (27cef4d1-62ad-3b6a-a0b1-375853a84c09): me voy a reitrar
[06:20:27] _notsky (8d3023d4-d9a0-364f-8b75-3dc032de0821): chau, buenas noches
[06:20:34] Nachus_GC (27cef4d1-62ad-3b6a-a0b1-375853a84c09): buenas noches
[06:20:53] Nachus_GC (27cef4d1-62ad-3b6a-a0b1-375853a84c09): cuidese
