[02:14:57] AshOficialMC (5ecebb8e-5ec6-313a-aa5e-6b9ddd226bc1): Buenas
[02:20:29] Nachus_GC (27cef4d1-62ad-3b6a-a0b1-375853a84c09): ah
[02:21:09] AshOficialMC (5ecebb8e-5ec6-313a-aa5e-6b9ddd226bc1): bro
[02:21:11] AshOficialMC (5ecebb8e-5ec6-313a-aa5e-6b9ddd226bc1): mira esto
[02:21:12] Nachus_GC (27cef4d1-62ad-3b6a-a0b1-375853a84c09): q
[02:21:30] AshOficialMC (5ecebb8e-5ec6-313a-aa5e-6b9ddd226bc1): mira
[02:21:38] AshOficialMC (5ecebb8e-5ec6-313a-aa5e-6b9ddd226bc1): alguna vez has visto un escudo impenetrable?
[02:21:45] Nachus_GC (27cef4d1-62ad-3b6a-a0b1-375853a84c09): nop
[02:21:49] AshOficialMC (5ecebb8e-5ec6-313a-aa5e-6b9ddd226bc1): asi se ve
[02:21:57] Nachus_GC (27cef4d1-62ad-3b6a-a0b1-375853a84c09): alv
[02:22:16] AshOficialMC (5ecebb8e-5ec6-313a-aa5e-6b9ddd226bc1): y mira esto
[02:22:20] Nachus_GC (27cef4d1-62ad-3b6a-a0b1-375853a84c09): no era tan impenetrable
[02:22:35] AshOficialMC (5ecebb8e-5ec6-313a-aa5e-6b9ddd226bc1): vamos a sacrificar un poco del bosque
[02:22:41] Nachus_GC (27cef4d1-62ad-3b6a-a0b1-375853a84c09): No we
[02:22:59] Nachus_GC (27cef4d1-62ad-3b6a-a0b1-375853a84c09): deja el pobre bosque en paz
[02:23:26] Nachus_GC (27cef4d1-62ad-3b6a-a0b1-375853a84c09): q rico
[02:23:38] Nachus_GC (27cef4d1-62ad-3b6a-a0b1-375853a84c09): esto para aplanar es dios
[02:23:47] Nachus_GC (27cef4d1-62ad-3b6a-a0b1-375853a84c09): basta pendejo
[02:23:56] AshOficialMC (5ecebb8e-5ec6-313a-aa5e-6b9ddd226bc1): listo
[02:23:57] AshOficialMC (5ecebb8e-5ec6-313a-aa5e-6b9ddd226bc1): XD
[02:23:59] AshOficialMC (5ecebb8e-5ec6-313a-aa5e-6b9ddd226bc1): paro pe
[02:24:01] Nachus_GC (27cef4d1-62ad-3b6a-a0b1-375853a84c09): ahora lo reconstruyes
[02:24:16] AshOficialMC (5ecebb8e-5ec6-313a-aa5e-6b9ddd226bc1): hay world edit
[02:24:16] Nachus_GC (27cef4d1-62ad-3b6a-a0b1-375853a84c09): con los dientes
[02:24:20] AshOficialMC (5ecebb8e-5ec6-313a-aa5e-6b9ddd226bc1): pero flojera tambien
[02:24:59] AshOficialMC (5ecebb8e-5ec6-313a-aa5e-6b9ddd226bc1): bueno, ya vuelvo
[02:25:06] AshOficialMC (5ecebb8e-5ec6-313a-aa5e-6b9ddd226bc1): voy a quitar los datos y poner el inter normal
[02:25:14] AshOficialMC (5ecebb8e-5ec6-313a-aa5e-6b9ddd226bc1): quizas se apague el serv, ojala que no
[02:25:18] AshOficialMC (5ecebb8e-5ec6-313a-aa5e-6b9ddd226bc1): ya vuelvo
[02:25:23] Nachus_GC (27cef4d1-62ad-3b6a-a0b1-375853a84c09): ok
[02:27:44] Nachus_GC (27cef4d1-62ad-3b6a-a0b1-375853a84c09): vrg
[02:32:44] Nachus_GC (27cef4d1-62ad-3b6a-a0b1-375853a84c09): a
[02:59:52] Nachus_GC (27cef4d1-62ad-3b6a-a0b1-375853a84c09): omg
[02:59:56] Nachus_GC (27cef4d1-62ad-3b6a-a0b1-375853a84c09): bom dia
[03:02:01] Nachus_GC (27cef4d1-62ad-3b6a-a0b1-375853a84c09): AAAAAAASH!!
[03:02:05] Nachus_GC (27cef4d1-62ad-3b6a-a0b1-375853a84c09): UN AMONGUS!!!
[03:02:18] AshOficialMC (5ecebb8e-5ec6-313a-aa5e-6b9ddd226bc1): Nmms
[03:02:25] AshOficialMC (5ecebb8e-5ec6-313a-aa5e-6b9ddd226bc1): tuve que poner la VPN para poder entrar
[03:02:31] Nachus_GC (27cef4d1-62ad-3b6a-a0b1-375853a84c09): xd
[03:02:54] AshOficialMC (5ecebb8e-5ec6-313a-aa5e-6b9ddd226bc1): ya ordene los cofres
[03:07:12] antonhn (7c782ca4-45a9-39c2-b39f-ad7f85f30b24): hola
[03:07:28] jefry04 (885eb612-41e9-3de7-929c-bc73031132ed): como entraste
[03:07:47] antonhn (7c782ca4-45a9-39c2-b39f-ad7f85f30b24): clla oy
[03:09:22] Nachus_GC (27cef4d1-62ad-3b6a-a0b1-375853a84c09): a
[03:09:28] antonhn (7c782ca4-45a9-39c2-b39f-ad7f85f30b24): rroz
[03:11:02] AshOficialMC (5ecebb8e-5ec6-313a-aa5e-6b9ddd226bc1): UN TREX
[03:11:07] AshOficialMC (5ecebb8e-5ec6-313a-aa5e-6b9ddd226bc1): AAA
[03:11:12] antonhn (7c782ca4-45a9-39c2-b39f-ad7f85f30b24): voten a jefry
[03:11:21] jefry04 (885eb612-41e9-3de7-929c-bc73031132ed): por ?
[03:11:34] antonhn (7c782ca4-45a9-39c2-b39f-ad7f85f30b24): ta de pasti dioso
[03:12:00] Nachus_GC (27cef4d1-62ad-3b6a-a0b1-375853a84c09): ahi lo baneo
[03:12:03] Nachus_GC (27cef4d1-62ad-3b6a-a0b1-375853a84c09): Nah joda
[03:15:57] antonhn (7c782ca4-45a9-39c2-b39f-ad7f85f30b24): mejor
[03:18:03] antonhn (7c782ca4-45a9-39c2-b39f-ad7f85f30b24): por nuv
[03:20:39] AshOficialMC (5ecebb8e-5ec6-313a-aa5e-6b9ddd226bc1): a
[03:21:31] AshOficialMC (5ecebb8e-5ec6-313a-aa5e-6b9ddd226bc1): Ah, pense que se andaban matando o que se yo
[03:21:42] jefry04 (885eb612-41e9-3de7-929c-bc73031132ed): nos morimos por los mods XD
[03:21:52] antonhn (7c782ca4-45a9-39c2-b39f-ad7f85f30b24): calla benvo
[03:25:18] jefry04 (885eb612-41e9-3de7-929c-bc73031132ed): las focas dan algo para comr ?
[03:25:53] AshOficialMC (5ecebb8e-5ec6-313a-aa5e-6b9ddd226bc1): §b§lUrano
[03:26:21] Nachus_GC (27cef4d1-62ad-3b6a-a0b1-375853a84c09): ash
[03:26:34] Nachus_GC (27cef4d1-62ad-3b6a-a0b1-375853a84c09): Subnautica daba mas miedo que estos mods
[03:26:53] Nachus_GC (27cef4d1-62ad-3b6a-a0b1-375853a84c09): (*le da un infarto*)
[03:27:04] AshOficialMC (5ecebb8e-5ec6-313a-aa5e-6b9ddd226bc1): §5§lVenus
