[01:27:44] xXDash_RedXx (2c47d6b8-e53e-38f3-b73c-a209e765d5cf): q onda mi gente
[01:28:07] xXDash_RedXx (2c47d6b8-e53e-38f3-b73c-a209e765d5cf): a
[01:28:14] xXDash_RedXx (2c47d6b8-e53e-38f3-b73c-a209e765d5cf): a
[01:28:45] xXDash_RedXx (2c47d6b8-e53e-38f3-b73c-a209e765d5cf): a
[01:31:12] xXDash_RedXx (2c47d6b8-e53e-38f3-b73c-a209e765d5cf): Grax
[01:32:20] xXDash_RedXx (2c47d6b8-e53e-38f3-b73c-a209e765d5cf): no se como pero todavia no puedo ponerle color XD
[01:32:42] AshOficialMC (5ecebb8e-5ec6-313a-aa5e-6b9ddd226bc1): Epico, pero ahora se ve en celeste
[01:32:50] xXDash_RedXx (2c47d6b8-e53e-38f3-b73c-a209e765d5cf): q cosa?
[01:32:55] AshOficialMC (5ecebb8e-5ec6-313a-aa5e-6b9ddd226bc1): el tag del clan
[01:33:04] xXDash_RedXx (2c47d6b8-e53e-38f3-b73c-a209e765d5cf): a bueno verdad
[01:33:06] xXDash_RedXx (2c47d6b8-e53e-38f3-b73c-a209e765d5cf): xD
[01:33:17] xXDash_RedXx (2c47d6b8-e53e-38f3-b73c-a209e765d5cf): en el clan de solo valle se lo veia gris
[01:33:29] AshOficialMC (5ecebb8e-5ec6-313a-aa5e-6b9ddd226bc1): sisi
[01:33:35] AshOficialMC (5ecebb8e-5ec6-313a-aa5e-6b9ddd226bc1): ya vuelvo
[01:50:11] xXDash_RedXx (2c47d6b8-e53e-38f3-b73c-a209e765d5cf): holas
[01:50:14] xXDash_RedXx (2c47d6b8-e53e-38f3-b73c-a209e765d5cf): bienvenido
[01:50:21] Factorypock456 (a77e9c8e-2538-334b-afa6-b563612c0eb3): hola
[01:50:36] Factorypock456 (a77e9c8e-2538-334b-afa6-b563612c0eb3): puedes llamada
[01:50:40] xXDash_RedXx (2c47d6b8-e53e-38f3-b73c-a209e765d5cf): si
[01:51:47] xXDash_RedXx (2c47d6b8-e53e-38f3-b73c-a209e765d5cf): prometeme q no robaras nada
[01:51:53] Factorypock456 (a77e9c8e-2538-334b-afa6-b563612c0eb3): no nada
[01:52:18] xXDash_RedXx (2c47d6b8-e53e-38f3-b73c-a209e765d5cf): no te muevas
[01:52:30] Factorypock456 (a77e9c8e-2538-334b-afa6-b563612c0eb3): jajaj disculpa
[01:52:54] Factorypock456 (a77e9c8e-2538-334b-afa6-b563612c0eb3): estoy en llamada
[02:12:46] Factorypock456 (a77e9c8e-2538-334b-afa6-b563612c0eb3): hola
[02:13:01] Factorypock456 (a77e9c8e-2538-334b-afa6-b563612c0eb3): bienvenido
[02:13:16] Factorypock456 (a77e9c8e-2538-334b-afa6-b563612c0eb3): ahh ola owner
[02:22:37] Factorypock456 (a77e9c8e-2538-334b-afa6-b563612c0eb3): puedes llamada owner
[02:22:47] Nachus_GC (27cef4d1-62ad-3b6a-a0b1-375853a84c09): holas
[02:22:50] Nachus_GC (27cef4d1-62ad-3b6a-a0b1-375853a84c09): disculpa
[02:22:59] Nachus_GC (27cef4d1-62ad-3b6a-a0b1-375853a84c09): Es que me dio talasofobia
[02:23:23] Factorypock456 (a77e9c8e-2538-334b-afa6-b563612c0eb3): que significa eso??
[02:23:36] Nachus_GC (27cef4d1-62ad-3b6a-a0b1-375853a84c09): miedo al oceano
[02:23:43] Factorypock456 (a77e9c8e-2538-334b-afa6-b563612c0eb3): ahh
[02:24:14] Factorypock456 (a77e9c8e-2538-334b-afa6-b563612c0eb3): estoy ahora llamada
[02:36:28] Nachus_GC (27cef4d1-62ad-3b6a-a0b1-375853a84c09): a
[02:38:33] AshOficialMC (5ecebb8e-5ec6-313a-aa5e-6b9ddd226bc1): a
[02:39:47] Nachus_GC (27cef4d1-62ad-3b6a-a0b1-375853a84c09): e
[02:40:46] AshOficialMC (5ecebb8e-5ec6-313a-aa5e-6b9ddd226bc1): §b§l Kit Venus
[02:41:10] AshOficialMC (5ecebb8e-5ec6-313a-aa5e-6b9ddd226bc1): §d§l Kit Venus
[02:41:18] AshOficialMC (5ecebb8e-5ec6-313a-aa5e-6b9ddd226bc1): aea
[02:42:03] Nachus_GC (27cef4d1-62ad-3b6a-a0b1-375853a84c09): lagaso
[02:43:19] AshOficialMC (5ecebb8e-5ec6-313a-aa5e-6b9ddd226bc1): me dio
[02:43:41] AshOficialMC (5ecebb8e-5ec6-313a-aa5e-6b9ddd226bc1): y bueno bro si, el serv se va areiniciar pipipi
[02:43:47] Nachus_GC (27cef4d1-62ad-3b6a-a0b1-375853a84c09): pipipi
[02:43:56] Nachus_GC (27cef4d1-62ad-3b6a-a0b1-375853a84c09): por lo menos pude hacer una nuke
[02:43:56] AshOficialMC (5ecebb8e-5ec6-313a-aa5e-6b9ddd226bc1): todo esa por el bien del serv
[02:44:01] AshOficialMC (5ecebb8e-5ec6-313a-aa5e-6b9ddd226bc1): q Xd
[02:44:04] Nachus_GC (27cef4d1-62ad-3b6a-a0b1-375853a84c09): sisi
[02:44:07] Nachus_GC (27cef4d1-62ad-3b6a-a0b1-375853a84c09): ven
[02:46:32] Nachus_GC (27cef4d1-62ad-3b6a-a0b1-375853a84c09): a
[02:53:11] Nachus_GC (27cef4d1-62ad-3b6a-a0b1-375853a84c09): ayudameeeeeeeeeeeeee
[02:54:00] AshOficialMC (5ecebb8e-5ec6-313a-aa5e-6b9ddd226bc1): Solo dire
[02:54:04] AshOficialMC (5ecebb8e-5ec6-313a-aa5e-6b9ddd226bc1): no uses gestos
[02:54:06] AshOficialMC (5ecebb8e-5ec6-313a-aa5e-6b9ddd226bc1): q paso
[02:54:18] Nachus_GC (27cef4d1-62ad-3b6a-a0b1-375853a84c09): AAAH
[02:54:22] Nachus_GC (27cef4d1-62ad-3b6a-a0b1-375853a84c09): AYUDAAAAAAAAA
[02:54:29] AshOficialMC (5ecebb8e-5ec6-313a-aa5e-6b9ddd226bc1): PERO QUE
[02:54:39] AshOficialMC (5ecebb8e-5ec6-313a-aa5e-6b9ddd226bc1): QUEEEEEEEEEEE
[02:54:49] AshOficialMC (5ecebb8e-5ec6-313a-aa5e-6b9ddd226bc1): Miniatura
[02:54:51] AshOficialMC (5ecebb8e-5ec6-313a-aa5e-6b9ddd226bc1): miniatura
[02:55:11] AshOficialMC (5ecebb8e-5ec6-313a-aa5e-6b9ddd226bc1): SOUNDTRACK HERMOSO
[02:57:08] AshOficialMC (5ecebb8e-5ec6-313a-aa5e-6b9ddd226bc1): PERO QUE
[02:58:41] AshOficialMC (5ecebb8e-5ec6-313a-aa5e-6b9ddd226bc1): me vine
[02:58:53] Nachus_GC (27cef4d1-62ad-3b6a-a0b1-375853a84c09): que epico fue esto
[02:59:00] AshOficialMC (5ecebb8e-5ec6-313a-aa5e-6b9ddd226bc1): el soundtrac estaba rico
[02:59:06] AshOficialMC (5ecebb8e-5ec6-313a-aa5e-6b9ddd226bc1): soundtrack*
[02:59:12] Nachus_GC (27cef4d1-62ad-3b6a-a0b1-375853a84c09): Si
[02:59:24] Nachus_GC (27cef4d1-62ad-3b6a-a0b1-375853a84c09): me ayudas a farmearlo?
[02:59:27] Nachus_GC (27cef4d1-62ad-3b6a-a0b1-375853a84c09): deah
[02:59:32] AshOficialMC (5ecebb8e-5ec6-313a-aa5e-6b9ddd226bc1): esto se repetira en el proximo mundo
[02:59:38] Nachus_GC (27cef4d1-62ad-3b6a-a0b1-375853a84c09): si
[03:00:09] Nachus_GC (27cef4d1-62ad-3b6a-a0b1-375853a84c09): necesitas matar bichos de aqui
[03:00:49] AshOficialMC (5ecebb8e-5ec6-313a-aa5e-6b9ddd226bc1): renacio
[03:01:40] Nachus_GC (27cef4d1-62ad-3b6a-a0b1-375853a84c09): ven
[03:01:50] Nachus_GC (27cef4d1-62ad-3b6a-a0b1-375853a84c09): VEN A MI
[03:01:53] Nachus_GC (27cef4d1-62ad-3b6a-a0b1-375853a84c09): ABUELITA
[03:01:57] AshOficialMC (5ecebb8e-5ec6-313a-aa5e-6b9ddd226bc1): q
[03:02:07] Nachus_GC (27cef4d1-62ad-3b6a-a0b1-375853a84c09): pone la ceniza ahi
[03:02:48] AshOficialMC (5ecebb8e-5ec6-313a-aa5e-6b9ddd226bc1): que
[03:03:03] AshOficialMC (5ecebb8e-5ec6-313a-aa5e-6b9ddd226bc1): perdi mi arma
[03:05:51] AshOficialMC (5ecebb8e-5ec6-313a-aa5e-6b9ddd226bc1): epico
[03:05:55] Nachus_GC (27cef4d1-62ad-3b6a-a0b1-375853a84c09): q hot
[03:06:03] AshOficialMC (5ecebb8e-5ec6-313a-aa5e-6b9ddd226bc1): Bueno, buena forma de despedir el mundo
[03:06:06] AshOficialMC (5ecebb8e-5ec6-313a-aa5e-6b9ddd226bc1): reinicio ya?
[03:06:14] AshOficialMC (5ecebb8e-5ec6-313a-aa5e-6b9ddd226bc1): o queres hacer algo mas
[03:06:29] Nachus_GC (27cef4d1-62ad-3b6a-a0b1-375853a84c09): si quiero hacer algo
[03:06:37] AshOficialMC (5ecebb8e-5ec6-313a-aa5e-6b9ddd226bc1): dale te espero xd
[03:07:27] AshOficialMC (5ecebb8e-5ec6-313a-aa5e-6b9ddd226bc1): hay kbron
[03:07:39] AshOficialMC (5ecebb8e-5ec6-313a-aa5e-6b9ddd226bc1): escape rapdio
[03:07:42] AshOficialMC (5ecebb8e-5ec6-313a-aa5e-6b9ddd226bc1): rapido*
[03:07:45] AshOficialMC (5ecebb8e-5ec6-313a-aa5e-6b9ddd226bc1): ALV
[03:07:51] Nachus_GC (27cef4d1-62ad-3b6a-a0b1-375853a84c09): has los honores
[03:07:56] AshOficialMC (5ecebb8e-5ec6-313a-aa5e-6b9ddd226bc1): nono, vos
[03:08:01] AshOficialMC (5ecebb8e-5ec6-313a-aa5e-6b9ddd226bc1): que yo tengo que correr
[03:08:13] Nachus_GC (27cef4d1-62ad-3b6a-a0b1-375853a84c09): a la cuenta de 3
[03:08:15] Nachus_GC (27cef4d1-62ad-3b6a-a0b1-375853a84c09): 1
[03:08:17] Nachus_GC (27cef4d1-62ad-3b6a-a0b1-375853a84c09): 2
[03:08:19] Nachus_GC (27cef4d1-62ad-3b6a-a0b1-375853a84c09): 3
[03:09:03] AshOficialMC (5ecebb8e-5ec6-313a-aa5e-6b9ddd226bc1): dios se apiade de mi alma
[03:09:15] Nachus_GC (27cef4d1-62ad-3b6a-a0b1-375853a84c09): amen
[03:09:38] AshOficialMC (5ecebb8e-5ec6-313a-aa5e-6b9ddd226bc1): explota pe
[03:09:44] Nachus_GC (27cef4d1-62ad-3b6a-a0b1-375853a84c09): acercate
[03:09:48] Nachus_GC (27cef4d1-62ad-3b6a-a0b1-375853a84c09): avr si explota
[03:09:57] AshOficialMC (5ecebb8e-5ec6-313a-aa5e-6b9ddd226bc1): ave
[03:10:08] AshOficialMC (5ecebb8e-5ec6-313a-aa5e-6b9ddd226bc1): NOOO
[03:10:38] AshOficialMC (5ecebb8e-5ec6-313a-aa5e-6b9ddd226bc1): espera
[03:10:45] AshOficialMC (5ecebb8e-5ec6-313a-aa5e-6b9ddd226bc1): aaaaaaaaaaaaa
[03:10:50] Nachus_GC (27cef4d1-62ad-3b6a-a0b1-375853a84c09): AAAAAAAAAAAAAAAAAAAAAH
[03:11:19] Nachus_GC (27cef4d1-62ad-3b6a-a0b1-375853a84c09): ALUAGHBARRRRRRRRRRR!!!!!!!!!!!!
[03:11:23] AshOficialMC (5ecebb8e-5ec6-313a-aa5e-6b9ddd226bc1): AJAJJA
[03:11:49] Nachus_GC (27cef4d1-62ad-3b6a-a0b1-375853a84c09): dios
[03:12:18] Nachus_GC (27cef4d1-62ad-3b6a-a0b1-375853a84c09): wot
[03:12:47] Nachus_GC (27cef4d1-62ad-3b6a-a0b1-375853a84c09): habibi
[03:12:56] Nachus_GC (27cef4d1-62ad-3b6a-a0b1-375853a84c09): uf
[03:12:57] AshOficialMC (5ecebb8e-5ec6-313a-aa5e-6b9ddd226bc1): XD
[03:13:07] AshOficialMC (5ecebb8e-5ec6-313a-aa5e-6b9ddd226bc1): dale, voy a reiniciar
[03:13:12] AshOficialMC (5ecebb8e-5ec6-313a-aa5e-6b9ddd226bc1): se viene nueva aventura
[03:13:18] AshOficialMC (5ecebb8e-5ec6-313a-aa5e-6b9ddd226bc1): ALV AJAJAJ
[03:13:45] Nachus_GC (27cef4d1-62ad-3b6a-a0b1-375853a84c09): vamonos alv
[03:19:38] Nachus_GC (27cef4d1-62ad-3b6a-a0b1-375853a84c09): wot
[03:19:51] Nachus_GC (27cef4d1-62ad-3b6a-a0b1-375853a84c09): que demonios
[03:19:56] AshOficialMC (5ecebb8e-5ec6-313a-aa5e-6b9ddd226bc1): secso
[03:21:04] Nachus_GC (27cef4d1-62ad-3b6a-a0b1-375853a84c09): no bueno
[03:21:11] Nachus_GC (27cef4d1-62ad-3b6a-a0b1-375853a84c09): hay un poco de juego en mi lag
[03:22:32] AshOficialMC (5ecebb8e-5ec6-313a-aa5e-6b9ddd226bc1): XDD
[03:23:43] AshOficialMC (5ecebb8e-5ec6-313a-aa5e-6b9ddd226bc1): oe ayudame aca
[03:24:14] Nachus_GC (27cef4d1-62ad-3b6a-a0b1-375853a84c09): q verga haces
[03:24:26] Nachus_GC (27cef4d1-62ad-3b6a-a0b1-375853a84c09): aaaah
[03:24:27] AshOficialMC (5ecebb8e-5ec6-313a-aa5e-6b9ddd226bc1): decifrando algo
[03:24:27] AshOficialMC (5ecebb8e-5ec6-313a-aa5e-6b9ddd226bc1): ven mrda
[03:24:28] Nachus_GC (27cef4d1-62ad-3b6a-a0b1-375853a84c09): wn
[03:24:36] AshOficialMC (5ecebb8e-5ec6-313a-aa5e-6b9ddd226bc1): q necesito ayuda xd
[03:24:40] Nachus_GC (27cef4d1-62ad-3b6a-a0b1-375853a84c09): el world edit hay que sacarlo
[03:24:56] Nachus_GC (27cef4d1-62ad-3b6a-a0b1-375853a84c09): no puedo usar mi hacha de madera
[03:25:28] AshOficialMC (5ecebb8e-5ec6-313a-aa5e-6b9ddd226bc1): toca usar las manos
[03:25:41] AshOficialMC (5ecebb8e-5ec6-313a-aa5e-6b9ddd226bc1): hasta tener una de piedra
[03:25:47] Nachus_GC (27cef4d1-62ad-3b6a-a0b1-375853a84c09): aaaaaaaaaah
[03:25:51] Nachus_GC (27cef4d1-62ad-3b6a-a0b1-375853a84c09): UN TIGRE!!!!
[03:25:55] AshOficialMC (5ecebb8e-5ec6-313a-aa5e-6b9ddd226bc1): ayudame kbron
[03:26:07] Nachus_GC (27cef4d1-62ad-3b6a-a0b1-375853a84c09): me va a matar el tigre
[03:26:16] Nachus_GC (27cef4d1-62ad-3b6a-a0b1-375853a84c09): donde verga tas
[03:26:21] AshOficialMC (5ecebb8e-5ec6-313a-aa5e-6b9ddd226bc1): manda tpa
[03:26:29] Nachus_GC (27cef4d1-62ad-3b6a-a0b1-375853a84c09): aaaah
[03:26:34] AshOficialMC (5ecebb8e-5ec6-313a-aa5e-6b9ddd226bc1): AAA
[03:26:38] AshOficialMC (5ecebb8e-5ec6-313a-aa5e-6b9ddd226bc1): hice uno
[03:26:47] AshOficialMC (5ecebb8e-5ec6-313a-aa5e-6b9ddd226bc1): hice este
[03:26:49] Nachus_GC (27cef4d1-62ad-3b6a-a0b1-375853a84c09): quevergah
[03:26:52] AshOficialMC (5ecebb8e-5ec6-313a-aa5e-6b9ddd226bc1): falta el otro
[03:26:58] AshOficialMC (5ecebb8e-5ec6-313a-aa5e-6b9ddd226bc1): este
[03:27:04] AshOficialMC (5ecebb8e-5ec6-313a-aa5e-6b9ddd226bc1): estamos en el templo del inicio
[03:27:20] AshOficialMC (5ecebb8e-5ec6-313a-aa5e-6b9ddd226bc1): es un laberinto atras
[03:27:37] AshOficialMC (5ecebb8e-5ec6-313a-aa5e-6b9ddd226bc1): WAO
[03:27:54] Nachus_GC (27cef4d1-62ad-3b6a-a0b1-375853a84c09): durmio
[03:29:14] Nachus_GC (27cef4d1-62ad-3b6a-a0b1-375853a84c09): wn
[03:29:18] Nachus_GC (27cef4d1-62ad-3b6a-a0b1-375853a84c09): andas re lageao
[03:29:51] AshOficialMC (5ecebb8e-5ec6-313a-aa5e-6b9ddd226bc1): XD
[03:29:53] Nachus_GC (27cef4d1-62ad-3b6a-a0b1-375853a84c09): XD
[03:30:01] AshOficialMC (5ecebb8e-5ec6-313a-aa5e-6b9ddd226bc1): IQ+111
[03:30:09] Nachus_GC (27cef4d1-62ad-3b6a-a0b1-375853a84c09): te juro
[03:30:39] AshOficialMC (5ecebb8e-5ec6-313a-aa5e-6b9ddd226bc1): pa darte tus cosas
[03:30:46] Nachus_GC (27cef4d1-62ad-3b6a-a0b1-375853a84c09): perame
[03:31:12] AshOficialMC (5ecebb8e-5ec6-313a-aa5e-6b9ddd226bc1): alv
[03:31:24] AshOficialMC (5ecebb8e-5ec6-313a-aa5e-6b9ddd226bc1): acepta pa tus cosas wn
[03:31:54] Nachus_GC (27cef4d1-62ad-3b6a-a0b1-375853a84c09): yastoy
[03:32:12] Nachus_GC (27cef4d1-62ad-3b6a-a0b1-375853a84c09): le robe a tu pueblo
[03:32:13] AshOficialMC (5ecebb8e-5ec6-313a-aa5e-6b9ddd226bc1): acepta pe
[03:32:18] Nachus_GC (27cef4d1-62ad-3b6a-a0b1-375853a84c09): da
[03:32:19] AshOficialMC (5ecebb8e-5ec6-313a-aa5e-6b9ddd226bc1): caremonda
[03:33:01] AshOficialMC (5ecebb8e-5ec6-313a-aa5e-6b9ddd226bc1): toma
[03:33:03] Nachus_GC (27cef4d1-62ad-3b6a-a0b1-375853a84c09): manda wn
[03:33:39] AshOficialMC (5ecebb8e-5ec6-313a-aa5e-6b9ddd226bc1): y esa estructur
[03:33:43] AshOficialMC (5ecebb8e-5ec6-313a-aa5e-6b9ddd226bc1): farmeaste?
[03:33:50] Nachus_GC (27cef4d1-62ad-3b6a-a0b1-375853a84c09): un poco
[03:34:09] Nachus_GC (27cef4d1-62ad-3b6a-a0b1-375853a84c09): duerme
[03:35:24] AshOficialMC (5ecebb8e-5ec6-313a-aa5e-6b9ddd226bc1): NOOO
[03:35:30] Nachus_GC (27cef4d1-62ad-3b6a-a0b1-375853a84c09): no follan
[03:36:15] AshOficialMC (5ecebb8e-5ec6-313a-aa5e-6b9ddd226bc1): aun no estoy listo para farmear eso
[03:36:22] Nachus_GC (27cef4d1-62ad-3b6a-a0b1-375853a84c09): si xd
[03:37:09] Nachus_GC (27cef4d1-62ad-3b6a-a0b1-375853a84c09): bldo ayuda
[03:37:32] Nachus_GC (27cef4d1-62ad-3b6a-a0b1-375853a84c09): da mucho lagaso
[03:39:19] Nachus_GC (27cef4d1-62ad-3b6a-a0b1-375853a84c09): esto es simulador de venezuela
[03:39:25] Nachus_GC (27cef4d1-62ad-3b6a-a0b1-375853a84c09): siempre estoy con hambre
[03:39:26] AshOficialMC (5ecebb8e-5ec6-313a-aa5e-6b9ddd226bc1): que rico
[03:41:19] AshOficialMC (5ecebb8e-5ec6-313a-aa5e-6b9ddd226bc1): oli
[03:41:21] AshOficialMC (5ecebb8e-5ec6-313a-aa5e-6b9ddd226bc1): toma
[03:41:27] Nachus_GC (27cef4d1-62ad-3b6a-a0b1-375853a84c09): oli
[03:41:30] Nachus_GC (27cef4d1-62ad-3b6a-a0b1-375853a84c09): alm
[03:41:38] AshOficialMC (5ecebb8e-5ec6-313a-aa5e-6b9ddd226bc1): te lo doy y es mi unica arma xd
[03:41:40] Nachus_GC (27cef4d1-62ad-3b6a-a0b1-375853a84c09): el papu
[03:41:43] AshOficialMC (5ecebb8e-5ec6-313a-aa5e-6b9ddd226bc1): ademas de esta
[03:42:19] AshOficialMC (5ecebb8e-5ec6-313a-aa5e-6b9ddd226bc1): guardame algo
[03:44:53] Nachus_GC (27cef4d1-62ad-3b6a-a0b1-375853a84c09): me siento con huevos
[03:44:56] AshOficialMC (5ecebb8e-5ec6-313a-aa5e-6b9ddd226bc1): XD
[03:45:07] Nachus_GC (27cef4d1-62ad-3b6a-a0b1-375853a84c09): si muero no me olvides
[03:45:49] AshOficialMC (5ecebb8e-5ec6-313a-aa5e-6b9ddd226bc1): PIGGA
[03:50:02] Nachus_GC (27cef4d1-62ad-3b6a-a0b1-375853a84c09): gordooooooooo
[03:50:12] Nachus_GC (27cef4d1-62ad-3b6a-a0b1-375853a84c09): SE PUDOOOOOO
[03:50:23] Nachus_GC (27cef4d1-62ad-3b6a-a0b1-375853a84c09): ptm
[03:50:25] AshOficialMC (5ecebb8e-5ec6-313a-aa5e-6b9ddd226bc1): QUEEE
[03:50:30] Nachus_GC (27cef4d1-62ad-3b6a-a0b1-375853a84c09): ahora como bajo?
[03:51:21] Nachus_GC (27cef4d1-62ad-3b6a-a0b1-375853a84c09): ira
[03:51:30] Nachus_GC (27cef4d1-62ad-3b6a-a0b1-375853a84c09): donde tas
[03:52:14] Nachus_GC (27cef4d1-62ad-3b6a-a0b1-375853a84c09): AAAAAAASH
[03:52:41] AshOficialMC (5ecebb8e-5ec6-313a-aa5e-6b9ddd226bc1): NOOOOO
[03:53:07] AshOficialMC (5ecebb8e-5ec6-313a-aa5e-6b9ddd226bc1): descansa en paz luis
[03:53:14] AshOficialMC (5ecebb8e-5ec6-313a-aa5e-6b9ddd226bc1): NOO
[03:53:14] Nachus_GC (27cef4d1-62ad-3b6a-a0b1-375853a84c09): Noooooooooo
[03:53:25] Nachus_GC (27cef4d1-62ad-3b6a-a0b1-375853a84c09): NOOOOOOOOOO
[03:53:30] AshOficialMC (5ecebb8e-5ec6-313a-aa5e-6b9ddd226bc1): Mal nacido
[03:53:35] AshOficialMC (5ecebb8e-5ec6-313a-aa5e-6b9ddd226bc1): ...
[03:53:38] Nachus_GC (27cef4d1-62ad-3b6a-a0b1-375853a84c09): tigre puto
[03:53:58] AshOficialMC (5ecebb8e-5ec6-313a-aa5e-6b9ddd226bc1): que conseguiste
[03:54:24] Nachus_GC (27cef4d1-62ad-3b6a-a0b1-375853a84c09): mucho secso
[03:54:32] AshOficialMC (5ecebb8e-5ec6-313a-aa5e-6b9ddd226bc1): epico
[03:54:40] Nachus_GC (27cef4d1-62ad-3b6a-a0b1-375853a84c09): bno suficiente
[03:54:45] Nachus_GC (27cef4d1-62ad-3b6a-a0b1-375853a84c09): dejemos el farmeo
[03:54:50] Nachus_GC (27cef4d1-62ad-3b6a-a0b1-375853a84c09): vamo a lo chill
[03:55:49] AshOficialMC (5ecebb8e-5ec6-313a-aa5e-6b9ddd226bc1): perame
[23:11:12] Factorypock456 (a77e9c8e-2538-334b-afa6-b563612c0eb3): ola
[23:11:25] Factorypock456 (a77e9c8e-2538-334b-afa6-b563612c0eb3): ola
[23:12:43] Factorypock456 (a77e9c8e-2538-334b-afa6-b563612c0eb3): Jessi005 estoy en llamada
[23:28:47] Factorypock456 (a77e9c8e-2538-334b-afa6-b563612c0eb3): hola
[23:30:38] Factorypock456 (a77e9c8e-2538-334b-afa6-b563612c0eb3): alguien quiere estar en llamada
[23:31:38] Factorypock456 (a77e9c8e-2538-334b-afa6-b563612c0eb3): alguien tiene comida
[23:34:09] Factorypock456 (a77e9c8e-2538-334b-afa6-b563612c0eb3): GWaggon1 tienes comida
[23:38:46] GWaggon1 (e53193d4-e732-3d76-8719-2d9d83b723f7): nada
[23:38:50] GWaggon1 (e53193d4-e732-3d76-8719-2d9d83b723f7): recien entre
[23:38:55] Factorypock456 (a77e9c8e-2538-334b-afa6-b563612c0eb3): ohh
[23:38:58] GWaggon1 (e53193d4-e732-3d76-8719-2d9d83b723f7): ando que me muero voy a ver para donde cojo
[23:39:10] Factorypock456 (a77e9c8e-2538-334b-afa6-b563612c0eb3): puedes entrar a llamada
[23:39:16] Factorypock456 (a77e9c8e-2538-334b-afa6-b563612c0eb3): tengo cueva gigante
